<?xml version="1.0"?>
<!DOCTYPE coverage SYSTEM "http://cobertura.sourceforge.net/xml/coverage-04.dtd">

<coverage line-rate="0.25" branch-rate="1.0" lines-covered="1" lines-valid="4" branches-covered="0" branches-valid="0" complexity="1.0" version="2.1.1" timestamp="1551661025573">
	<sources>
		<source>--source</source>
		<source>/Users/musaed/GitHub/Other/maven-travis-practice/maven-travis-practice/src/main/java</source>
		<source>/Users/musaed/GitHub/Other/maven-travis-practice/maven-travis-practice/target/generated-sources/annotations</source>
	</sources>
	<packages>
		<package name="maven_practice" line-rate="0.25" branch-rate="1.0" complexity="1.0">
			<classes>
				<class name="maven_practice.App" filename="maven_practice/App.java" line-rate="0.25" branch-rate="1.0" complexity="1.0">
					<methods>
						<method name="&lt;init&gt;" signature="()V" line-rate="0.0" branch-rate="1.0" complexity="0">
							<lines>
								<line number="7" hits="0" branch="false"/>
							</lines>
						</method>
						<method name="addN" signature="()I" line-rate="1.0" branch-rate="1.0" complexity="0">
							<lines>
								<line number="15" hits="2" branch="false"/>
							</lines>
						</method>
						<method name="main" signature="([Ljava/lang/String;)V" line-rate="0.0" branch-rate="1.0" complexity="0">
							<lines>
								<line number="11" hits="0" branch="false"/>
								<line number="12" hits="0" branch="false"/>
							</lines>
						</method>
					</methods>
					<lines>
						<line number="7" hits="0" branch="false"/>
						<line number="11" hits="0" branch="false"/>
						<line number="12" hits="0" branch="false"/>
						<line number="15" hits="2" branch="false"/>
					</lines>
				</class>
			</classes>
		</package>
	</packages>
</coverage>
