<?xml version="1.0" encoding="UTF-8"?>
<testsuite xmlns:xsi="http://www.w3.org/2001/XMLSchema-instance" xsi:noNamespaceSchemaLocation="https://maven.apache.org/surefire/maven-surefire-plugin/xsd/surefire-test-report.xsd" name="maven_practice.AppTest" time="0.228" tests="2" errors="0" skipped="0" failures="0">
  <properties>
[...]
</properties>
  <testcase name="shouldAnswerWithTrue" classname="maven_practice.AppTest" time="0.001"/>
  <testcase name="testAddN" classname="maven_practice.AppTest" time="0.201"/>
</testsuite>